2023-11-22 18:16:01.968  INFO 18440 --- [main] c.s.s.controller.StudentControllerTest   : Starting StudentControllerTest using Java 17.0.3 on LIN24010580 with PID 18440 (started by aknamdev in C:\Users\AKNAMDEV\Documents\Advanced Java\Spring Boot\Assignment\studentSpring)
2023-11-22 18:16:01.970  INFO 18440 --- [main] c.s.s.controller.StudentControllerTest   : No active profile set, falling back to 1 default profile: "default"
2023-11-22 18:16:02.834  INFO 18440 --- [main] .s.d.r.c.RepositoryConfigurationDelegate : Bootstrapping Spring Data JPA repositories in DEFAULT mode.
2023-11-22 18:16:02.925  INFO 18440 --- [main] .s.d.r.c.RepositoryConfigurationDelegate : Finished Spring Data repository scanning in 75 ms. Found 1 JPA repository interfaces.
2023-11-22 18:16:03.849  INFO 18440 --- [main] o.hibernate.jpa.internal.util.LogHelper  : HHH000204: Processing PersistenceUnitInfo [name: default]
2023-11-22 18:16:03.984  INFO 18440 --- [main] org.hibernate.Version                    : HHH000412: Hibernate ORM core version 5.6.14.Final
2023-11-22 18:16:04.238  INFO 18440 --- [main] o.hibernate.annotations.common.Version   : HCANN000001: Hibernate Commons Annotations {5.1.2.Final}
2023-11-22 18:16:04.440  INFO 18440 --- [main] com.zaxxer.hikari.HikariDataSource       : HikariPool-1 - Starting...
2023-11-22 18:16:05.043  INFO 18440 --- [main] com.zaxxer.hikari.HikariDataSource       : HikariPool-1 - Start completed.
2023-11-22 18:16:05.089  INFO 18440 --- [main] org.hibernate.dialect.Dialect            : HHH000400: Using dialect: org.hibernate.dialect.MySQL8Dialect
2023-11-22 18:16:06.047  INFO 18440 --- [main] o.h.e.t.j.p.i.JtaPlatformInitiator       : HHH000490: Using JtaPlatform implementation: [org.hibernate.engine.transaction.jta.platform.internal.NoJtaPlatform]
2023-11-22 18:16:06.056  INFO 18440 --- [main] j.LocalContainerEntityManagerFactoryBean : Initialized JPA EntityManagerFactory for persistence unit 'default'
2023-11-22 18:16:06.431  WARN 18440 --- [main] JpaBaseConfiguration$JpaWebConfiguration : spring.jpa.open-in-view is enabled by default. Therefore, database queries may be performed during view rendering. Explicitly configure spring.jpa.open-in-view to disable this warning
2023-11-22 18:16:07.611  INFO 18440 --- [main] o.s.b.t.m.w.SpringBootMockServletContext : Initializing Spring TestDispatcherServlet ''
2023-11-22 18:16:07.614  INFO 18440 --- [main] o.s.t.web.servlet.TestDispatcherServlet  : Initializing Servlet ''
2023-11-22 18:16:07.617  INFO 18440 --- [main] o.s.t.web.servlet.TestDispatcherServlet  : Completed initialization in 2 ms
2023-11-22 18:16:07.660  INFO 18440 --- [main] c.s.s.controller.StudentControllerTest   : Started StudentControllerTest in 6.288 seconds (JVM running for 7.708)
2023-11-22 18:16:08.043  INFO 18440 --- [main] .b.t.c.SpringBootTestContextBootstrapper : Neither @ContextConfiguration nor @ContextHierarchy found for test class [com.student.studentSpring.StudentSpringApplicationTests], using SpringBootContextLoader
2023-11-22 18:16:08.044  INFO 18440 --- [main] o.s.t.c.support.AbstractContextLoader    : Could not detect default resource locations for test class [com.student.studentSpring.StudentSpringApplicationTests]: no resource found for suffixes {-context.xml, Context.groovy}.
2023-11-22 18:16:08.045  INFO 18440 --- [main] t.c.s.AnnotationConfigContextLoaderUtils : Could not detect default configuration classes for test class [com.student.studentSpring.StudentSpringApplicationTests]: StudentSpringApplicationTests does not declare any static, non-private, non-final, nested classes annotated with @Configuration.
2023-11-22 18:16:08.052  INFO 18440 --- [main] .b.t.c.SpringBootTestContextBootstrapper : Found @SpringBootConfiguration com.student.studentSpring.StudentSpringApplication for test class com.student.studentSpring.StudentSpringApplicationTests
2023-11-22 18:16:08.054  INFO 18440 --- [main] .b.t.c.SpringBootTestContextBootstrapper : Loaded default TestExecutionListener class names from location [META-INF/spring.factories]: [org.springframework.boot.test.mock.mockito.MockitoTestExecutionListener, org.springframework.boot.test.mock.mockito.ResetMocksTestExecutionListener, org.springframework.boot.test.autoconfigure.restdocs.RestDocsTestExecutionListener, org.springframework.boot.test.autoconfigure.web.client.MockRestServiceServerResetTestExecutionListener, org.springframework.boot.test.autoconfigure.web.servlet.MockMvcPrintOnlyOnFailureTestExecutionListener, org.springframework.boot.test.autoconfigure.web.servlet.WebDriverTestExecutionListener, org.springframework.boot.test.autoconfigure.webservices.client.MockWebServiceServerTestExecutionListener, org.springframework.test.context.web.ServletTestExecutionListener, org.springframework.test.context.support.DirtiesContextBeforeModesTestExecutionListener, org.springframework.test.context.event.ApplicationEventsTestExecutionListener, org.springframework.test.context.support.DependencyInjectionTestExecutionListener, org.springframework.test.context.support.DirtiesContextTestExecutionListener, org.springframework.test.context.transaction.TransactionalTestExecutionListener, org.springframework.test.context.jdbc.SqlScriptsTestExecutionListener, org.springframework.test.context.event.EventPublishingTestExecutionListener]
2023-11-22 18:16:08.055  INFO 18440 --- [main] .b.t.c.SpringBootTestContextBootstrapper : Using TestExecutionListeners: [org.springframework.test.context.web.ServletTestExecutionListener@7c919e1e, org.springframework.test.context.support.DirtiesContextBeforeModesTestExecutionListener@bddac1c, org.springframework.test.context.event.ApplicationEventsTestExecutionListener@1c7fd2e0, org.springframework.boot.test.mock.mockito.MockitoTestExecutionListener@41831611, org.springframework.boot.test.autoconfigure.SpringBootDependencyInjectionTestExecutionListener@31921151, org.springframework.test.context.support.DirtiesContextTestExecutionListener@5749e633, org.springframework.test.context.transaction.TransactionalTestExecutionListener@35c3d6e8, org.springframework.test.context.jdbc.SqlScriptsTestExecutionListener@6ca97ddf, org.springframework.test.context.event.EventPublishingTestExecutionListener@4d10f182, org.springframework.boot.test.mock.mockito.ResetMocksTestExecutionListener@5570ee6d, org.springframework.boot.test.autoconfigure.restdocs.RestDocsTestExecutionListener@7e2f16bd, org.springframework.boot.test.autoconfigure.web.client.MockRestServiceServerResetTestExecutionListener@594fcb22, org.springframework.boot.test.autoconfigure.web.servlet.MockMvcPrintOnlyOnFailureTestExecutionListener@1399ad68, org.springframework.boot.test.autoconfigure.web.servlet.WebDriverTestExecutionListener@41c83af0, org.springframework.boot.test.autoconfigure.webservices.client.MockWebServiceServerTestExecutionListener@47d4468a]
2023-11-22 18:16:08.103  INFO 18440 --- [main] c.s.s.StudentSpringApplicationTests      : Starting StudentSpringApplicationTests using Java 17.0.3 on LIN24010580 with PID 18440 (started by aknamdev in C:\Users\AKNAMDEV\Documents\Advanced Java\Spring Boot\Assignment\studentSpring)
2023-11-22 18:16:08.105  INFO 18440 --- [main] c.s.s.StudentSpringApplicationTests      : No active profile set, falling back to 1 default profile: "default"
2023-11-22 18:16:08.305  INFO 18440 --- [main] .s.d.r.c.RepositoryConfigurationDelegate : Bootstrapping Spring Data JPA repositories in DEFAULT mode.
2023-11-22 18:16:08.322  INFO 18440 --- [main] .s.d.r.c.RepositoryConfigurationDelegate : Finished Spring Data repository scanning in 16 ms. Found 1 JPA repository interfaces.
2023-11-22 18:16:08.478  INFO 18440 --- [main] o.hibernate.jpa.internal.util.LogHelper  : HHH000204: Processing PersistenceUnitInfo [name: default]
2023-11-22 18:16:08.485  INFO 18440 --- [main] com.zaxxer.hikari.HikariDataSource       : HikariPool-2 - Starting...
2023-11-22 18:16:08.513  INFO 18440 --- [main] com.zaxxer.hikari.HikariDataSource       : HikariPool-2 - Start completed.
2023-11-22 18:16:08.513  INFO 18440 --- [main] org.hibernate.dialect.Dialect            : HHH000400: Using dialect: org.hibernate.dialect.MySQL8Dialect
2023-11-22 18:16:08.542  INFO 18440 --- [main] o.h.e.t.j.p.i.JtaPlatformInitiator       : HHH000490: Using JtaPlatform implementation: [org.hibernate.engine.transaction.jta.platform.internal.NoJtaPlatform]
2023-11-22 18:16:08.543  INFO 18440 --- [main] j.LocalContainerEntityManagerFactoryBean : Initialized JPA EntityManagerFactory for persistence unit 'default'
2023-11-22 18:16:08.680  WARN 18440 --- [main] JpaBaseConfiguration$JpaWebConfiguration : spring.jpa.open-in-view is enabled by default. Therefore, database queries may be performed during view rendering. Explicitly configure spring.jpa.open-in-view to disable this warning
2023-11-22 18:16:09.090  INFO 18440 --- [main] c.s.s.StudentSpringApplicationTests      : Started StudentSpringApplicationTests in 1.031 seconds (JVM running for 9.138)
2023-11-22 18:16:09.128  INFO 18440 --- [SpringApplicationShutdownHook] j.LocalContainerEntityManagerFactoryBean : Closing JPA EntityManagerFactory for persistence unit 'default'
2023-11-22 18:16:09.131  INFO 18440 --- [SpringApplicationShutdownHook] com.zaxxer.hikari.HikariDataSource       : HikariPool-1 - Shutdown initiated...
2023-11-22 18:16:09.153  INFO 18440 --- [SpringApplicationShutdownHook] com.zaxxer.hikari.HikariDataSource       : HikariPool-1 - Shutdown completed.
2023-11-22 18:16:09.156  INFO 18440 --- [SpringApplicationShutdownHook] j.LocalContainerEntityManagerFactoryBean : Closing JPA EntityManagerFactory for persistence unit 'default'
2023-11-22 18:16:09.157  INFO 18440 --- [SpringApplicationShutdownHook] com.zaxxer.hikari.HikariDataSource       : HikariPool-2 - Shutdown initiated...
2023-11-22 18:16:09.170  INFO 18440 --- [SpringApplicationShutdownHook] com.zaxxer.hikari.HikariDataSource       : HikariPool-2 - Shutdown completed.
2023-11-22 18:24:25.401  INFO 26516 --- [main] c.s.s.StudentSpringApplicationTests      : Starting StudentSpringApplicationTests using Java 17.0.3 on LIN24010580 with PID 26516 (started by aknamdev in C:\Users\AKNAMDEV\Documents\Advanced Java\Spring Boot\Assignment\studentSpring)
2023-11-22 18:24:25.403  INFO 26516 --- [main] c.s.s.StudentSpringApplicationTests      : No active profile set, falling back to 1 default profile: "default"
2023-11-22 18:24:26.088  INFO 26516 --- [main] .s.d.r.c.RepositoryConfigurationDelegate : Bootstrapping Spring Data JPA repositories in DEFAULT mode.
2023-11-22 18:24:26.223  INFO 26516 --- [main] .s.d.r.c.RepositoryConfigurationDelegate : Finished Spring Data repository scanning in 125 ms. Found 1 JPA repository interfaces.
2023-11-22 18:24:27.057  INFO 26516 --- [main] o.hibernate.jpa.internal.util.LogHelper  : HHH000204: Processing PersistenceUnitInfo [name: default]
2023-11-22 18:24:27.118  INFO 26516 --- [main] org.hibernate.Version                    : HHH000412: Hibernate ORM core version 5.6.14.Final
2023-11-22 18:24:27.172  INFO 26516 --- [main] o.hibernate.annotations.common.Version   : HCANN000001: Hibernate Commons Annotations {5.1.2.Final}
2023-11-22 18:24:27.427  INFO 26516 --- [main] com.zaxxer.hikari.HikariDataSource       : HikariPool-1 - Starting...
2023-11-22 18:24:28.212  INFO 26516 --- [main] com.zaxxer.hikari.HikariDataSource       : HikariPool-1 - Start completed.
2023-11-22 18:24:28.230  INFO 26516 --- [main] org.hibernate.dialect.Dialect            : HHH000400: Using dialect: org.hibernate.dialect.MySQL8Dialect
2023-11-22 18:24:28.758  INFO 26516 --- [main] o.h.e.t.j.p.i.JtaPlatformInitiator       : HHH000490: Using JtaPlatform implementation: [org.hibernate.engine.transaction.jta.platform.internal.NoJtaPlatform]
2023-11-22 18:24:28.766  INFO 26516 --- [main] j.LocalContainerEntityManagerFactoryBean : Initialized JPA EntityManagerFactory for persistence unit 'default'
2023-11-22 18:24:29.264  WARN 26516 --- [main] JpaBaseConfiguration$JpaWebConfiguration : spring.jpa.open-in-view is enabled by default. Therefore, database queries may be performed during view rendering. Explicitly configure spring.jpa.open-in-view to disable this warning
2023-11-22 18:24:30.660  INFO 26516 --- [main] c.s.s.StudentSpringApplicationTests      : Started StudentSpringApplicationTests in 5.671 seconds (JVM running for 8.65)
2023-11-22 18:24:30.744  INFO 26516 --- [SpringApplicationShutdownHook] j.LocalContainerEntityManagerFactoryBean : Closing JPA EntityManagerFactory for persistence unit 'default'
2023-11-22 18:24:30.748  INFO 26516 --- [SpringApplicationShutdownHook] com.zaxxer.hikari.HikariDataSource       : HikariPool-1 - Shutdown initiated...
2023-11-22 18:24:30.772  INFO 26516 --- [SpringApplicationShutdownHook] com.zaxxer.hikari.HikariDataSource       : HikariPool-1 - Shutdown completed.
2023-11-22 18:26:00.209  INFO 12176 --- [main] c.s.s.StudentSpringApplicationTests      : Starting StudentSpringApplicationTests using Java 17.0.3 on LIN24010580 with PID 12176 (started by aknamdev in C:\Users\AKNAMDEV\Documents\Advanced Java\Spring Boot\Assignment\studentSpring)
2023-11-22 18:26:00.211  INFO 12176 --- [main] c.s.s.StudentSpringApplicationTests      : No active profile set, falling back to 1 default profile: "default"
2023-11-22 18:26:01.347  INFO 12176 --- [main] .s.d.r.c.RepositoryConfigurationDelegate : Bootstrapping Spring Data JPA repositories in DEFAULT mode.
2023-11-22 18:26:01.418  INFO 12176 --- [main] .s.d.r.c.RepositoryConfigurationDelegate : Finished Spring Data repository scanning in 61 ms. Found 1 JPA repository interfaces.
2023-11-22 18:26:02.462  INFO 12176 --- [main] o.hibernate.jpa.internal.util.LogHelper  : HHH000204: Processing PersistenceUnitInfo [name: default]
2023-11-22 18:26:02.547  INFO 12176 --- [main] org.hibernate.Version                    : HHH000412: Hibernate ORM core version 5.6.14.Final
2023-11-22 18:26:02.616  INFO 12176 --- [main] o.hibernate.annotations.common.Version   : HCANN000001: Hibernate Commons Annotations {5.1.2.Final}
2023-11-22 18:26:02.890  INFO 12176 --- [main] com.zaxxer.hikari.HikariDataSource       : HikariPool-1 - Starting...
2023-11-22 18:26:03.380  INFO 12176 --- [main] com.zaxxer.hikari.HikariDataSource       : HikariPool-1 - Start completed.
2023-11-22 18:26:03.404  INFO 12176 --- [main] org.hibernate.dialect.Dialect            : HHH000400: Using dialect: org.hibernate.dialect.MySQL8Dialect
2023-11-22 18:26:03.922  INFO 12176 --- [main] o.h.e.t.j.p.i.JtaPlatformInitiator       : HHH000490: Using JtaPlatform implementation: [org.hibernate.engine.transaction.jta.platform.internal.NoJtaPlatform]
2023-11-22 18:26:03.935  INFO 12176 --- [main] j.LocalContainerEntityManagerFactoryBean : Initialized JPA EntityManagerFactory for persistence unit 'default'
2023-11-22 18:26:04.254  WARN 12176 --- [main] JpaBaseConfiguration$JpaWebConfiguration : spring.jpa.open-in-view is enabled by default. Therefore, database queries may be performed during view rendering. Explicitly configure spring.jpa.open-in-view to disable this warning
2023-11-22 18:26:05.212  INFO 12176 --- [main] c.s.s.StudentSpringApplicationTests      : Started StudentSpringApplicationTests in 5.678 seconds (JVM running for 8.217)
2023-11-22 18:26:05.265  INFO 12176 --- [SpringApplicationShutdownHook] j.LocalContainerEntityManagerFactoryBean : Closing JPA EntityManagerFactory for persistence unit 'default'
2023-11-22 18:26:05.268  INFO 12176 --- [SpringApplicationShutdownHook] com.zaxxer.hikari.HikariDataSource       : HikariPool-1 - Shutdown initiated...
2023-11-22 18:26:05.282  INFO 12176 --- [SpringApplicationShutdownHook] com.zaxxer.hikari.HikariDataSource       : HikariPool-1 - Shutdown completed.
